2023-12-27 17:23:11 [scrapy.core.scraper] ERROR: Spider error processing <GET https://movie.douban.com/top250> (referer: None)
Traceback (most recent call last):
  File "E:\Python\lib\site-packages\scrapy\utils\defer.py", line 279, in iter_errback
    yield next(it)
  File "E:\Python\lib\site-packages\scrapy\utils\python.py", line 350, in __next__
    return next(self.data)
  File "E:\Python\lib\site-packages\scrapy\utils\python.py", line 350, in __next__
    return next(self.data)
  File "E:\Python\lib\site-packages\scrapy\core\spidermw.py", line 106, in process_sync
    for r in iterable:
  File "E:\Python\lib\site-packages\scrapy\spidermiddlewares\offsite.py", line 28, in <genexpr>
    return (r for r in result or () if self._filter(r, spider))
  File "E:\Python\lib\site-packages\scrapy\core\spidermw.py", line 106, in process_sync
    for r in iterable:
  File "E:\Python\lib\site-packages\scrapy\spidermiddlewares\referer.py", line 352, in <genexpr>
    return (self._set_referer(r, response) for r in result or ())
  File "E:\Python\lib\site-packages\scrapy\core\spidermw.py", line 106, in process_sync
    for r in iterable:
  File "E:\Python\lib\site-packages\scrapy\spidermiddlewares\urllength.py", line 27, in <genexpr>
    return (r for r in result or () if self._filter(r, spider))
  File "E:\Python\lib\site-packages\scrapy\core\spidermw.py", line 106, in process_sync
    for r in iterable:
  File "E:\Python\lib\site-packages\scrapy\spidermiddlewares\depth.py", line 31, in <genexpr>
    return (r for r in result or () if self._filter(r, response, spider))
  File "E:\Python\lib\site-packages\scrapy\core\spidermw.py", line 106, in process_sync
    for r in iterable:
  File "F:\WorkSpace\Software Engineering Practice 2\Pyspark project design\Project1\ljxSpider\ljxSpider\spiders\ljx.py", line 17, in parse
    'div[@class="info"]/div[@class="hd"]/a/span[@class="title"]/text()').extract().replace(u'\xa0', '')
AttributeError: 'list' object has no attribute 'replace'
2023-12-27 17:32:46 [scrapy.utils.signal] ERROR: Error caught on signal handler: <bound method FeedExporter.item_scraped of <scrapy.extensions.feedexport.FeedExporter object at 0x000001A2E472FAC0>>
Traceback (most recent call last):
  File "E:\Python\lib\site-packages\scrapy\utils\defer.py", line 348, in maybeDeferred_coro
    result = f(*args, **kw)
  File "E:\Python\lib\site-packages\pydispatch\robustapply.py", line 55, in robustApply
    return receiver(*arguments, **named)
  File "E:\Python\lib\site-packages\scrapy\extensions\feedexport.py", line 572, in item_scraped
    slot.exporter.export_item(item)
  File "E:\Python\lib\site-packages\scrapy\exporters.py", line 151, in export_item
    data = to_bytes(self.encoder.encode(itemdict), self.encoding)
  File "E:\Python\lib\json\encoder.py", line 199, in encode
    chunks = self.iterencode(o, _one_shot=True)
  File "E:\Python\lib\json\encoder.py", line 257, in iterencode
    return _iterencode(o, 0)
  File "E:\Python\lib\site-packages\scrapy\utils\serialize.py", line 35, in default
    return super().default(o)
  File "E:\Python\lib\json\encoder.py", line 179, in default
    raise TypeError(f'Object of type {o.__class__.__name__} '
TypeError: Object of type Selector is not JSON serializable
2023-12-27 17:32:46 [scrapy.utils.signal] ERROR: Error caught on signal handler: <bound method FeedExporter.item_scraped of <scrapy.extensions.feedexport.FeedExporter object at 0x000001A2E472FAC0>>
Traceback (most recent call last):
  File "E:\Python\lib\site-packages\scrapy\utils\defer.py", line 348, in maybeDeferred_coro
    result = f(*args, **kw)
  File "E:\Python\lib\site-packages\pydispatch\robustapply.py", line 55, in robustApply
    return receiver(*arguments, **named)
  File "E:\Python\lib\site-packages\scrapy\extensions\feedexport.py", line 572, in item_scraped
    slot.exporter.export_item(item)
  File "E:\Python\lib\site-packages\scrapy\exporters.py", line 151, in export_item
    data = to_bytes(self.encoder.encode(itemdict), self.encoding)
  File "E:\Python\lib\json\encoder.py", line 199, in encode
    chunks = self.iterencode(o, _one_shot=True)
  File "E:\Python\lib\json\encoder.py", line 257, in iterencode
    return _iterencode(o, 0)
  File "E:\Python\lib\site-packages\scrapy\utils\serialize.py", line 35, in default
    return super().default(o)
  File "E:\Python\lib\json\encoder.py", line 179, in default
    raise TypeError(f'Object of type {o.__class__.__name__} '
TypeError: Object of type Selector is not JSON serializable
2023-12-27 17:32:46 [scrapy.utils.signal] ERROR: Error caught on signal handler: <bound method FeedExporter.item_scraped of <scrapy.extensions.feedexport.FeedExporter object at 0x000001A2E472FAC0>>
Traceback (most recent call last):
  File "E:\Python\lib\site-packages\scrapy\utils\defer.py", line 348, in maybeDeferred_coro
    result = f(*args, **kw)
  File "E:\Python\lib\site-packages\pydispatch\robustapply.py", line 55, in robustApply
    return receiver(*arguments, **named)
  File "E:\Python\lib\site-packages\scrapy\extensions\feedexport.py", line 572, in item_scraped
    slot.exporter.export_item(item)
  File "E:\Python\lib\site-packages\scrapy\exporters.py", line 151, in export_item
    data = to_bytes(self.encoder.encode(itemdict), self.encoding)
  File "E:\Python\lib\json\encoder.py", line 199, in encode
    chunks = self.iterencode(o, _one_shot=True)
  File "E:\Python\lib\json\encoder.py", line 257, in iterencode
    return _iterencode(o, 0)
  File "E:\Python\lib\site-packages\scrapy\utils\serialize.py", line 35, in default
    return super().default(o)
  File "E:\Python\lib\json\encoder.py", line 179, in default
    raise TypeError(f'Object of type {o.__class__.__name__} '
TypeError: Object of type Selector is not JSON serializable
2023-12-27 17:32:46 [scrapy.utils.signal] ERROR: Error caught on signal handler: <bound method FeedExporter.item_scraped of <scrapy.extensions.feedexport.FeedExporter object at 0x000001A2E472FAC0>>
Traceback (most recent call last):
  File "E:\Python\lib\site-packages\scrapy\utils\defer.py", line 348, in maybeDeferred_coro
    result = f(*args, **kw)
  File "E:\Python\lib\site-packages\pydispatch\robustapply.py", line 55, in robustApply
    return receiver(*arguments, **named)
  File "E:\Python\lib\site-packages\scrapy\extensions\feedexport.py", line 572, in item_scraped
    slot.exporter.export_item(item)
  File "E:\Python\lib\site-packages\scrapy\exporters.py", line 151, in export_item
    data = to_bytes(self.encoder.encode(itemdict), self.encoding)
  File "E:\Python\lib\json\encoder.py", line 199, in encode
    chunks = self.iterencode(o, _one_shot=True)
  File "E:\Python\lib\json\encoder.py", line 257, in iterencode
    return _iterencode(o, 0)
  File "E:\Python\lib\site-packages\scrapy\utils\serialize.py", line 35, in default
    return super().default(o)
  File "E:\Python\lib\json\encoder.py", line 179, in default
    raise TypeError(f'Object of type {o.__class__.__name__} '
TypeError: Object of type Selector is not JSON serializable
2023-12-27 17:32:46 [scrapy.utils.signal] ERROR: Error caught on signal handler: <bound method FeedExporter.item_scraped of <scrapy.extensions.feedexport.FeedExporter object at 0x000001A2E472FAC0>>
Traceback (most recent call last):
  File "E:\Python\lib\site-packages\scrapy\utils\defer.py", line 348, in maybeDeferred_coro
    result = f(*args, **kw)
  File "E:\Python\lib\site-packages\pydispatch\robustapply.py", line 55, in robustApply
    return receiver(*arguments, **named)
  File "E:\Python\lib\site-packages\scrapy\extensions\feedexport.py", line 572, in item_scraped
    slot.exporter.export_item(item)
  File "E:\Python\lib\site-packages\scrapy\exporters.py", line 151, in export_item
    data = to_bytes(self.encoder.encode(itemdict), self.encoding)
  File "E:\Python\lib\json\encoder.py", line 199, in encode
    chunks = self.iterencode(o, _one_shot=True)
  File "E:\Python\lib\json\encoder.py", line 257, in iterencode
    return _iterencode(o, 0)
  File "E:\Python\lib\site-packages\scrapy\utils\serialize.py", line 35, in default
    return super().default(o)
  File "E:\Python\lib\json\encoder.py", line 179, in default
    raise TypeError(f'Object of type {o.__class__.__name__} '
TypeError: Object of type Selector is not JSON serializable
2023-12-27 17:32:46 [scrapy.utils.signal] ERROR: Error caught on signal handler: <bound method FeedExporter.item_scraped of <scrapy.extensions.feedexport.FeedExporter object at 0x000001A2E472FAC0>>
Traceback (most recent call last):
  File "E:\Python\lib\site-packages\scrapy\utils\defer.py", line 348, in maybeDeferred_coro
    result = f(*args, **kw)
  File "E:\Python\lib\site-packages\pydispatch\robustapply.py", line 55, in robustApply
    return receiver(*arguments, **named)
  File "E:\Python\lib\site-packages\scrapy\extensions\feedexport.py", line 572, in item_scraped
    slot.exporter.export_item(item)
  File "E:\Python\lib\site-packages\scrapy\exporters.py", line 151, in export_item
    data = to_bytes(self.encoder.encode(itemdict), self.encoding)
  File "E:\Python\lib\json\encoder.py", line 199, in encode
    chunks = self.iterencode(o, _one_shot=True)
  File "E:\Python\lib\json\encoder.py", line 257, in iterencode
    return _iterencode(o, 0)
  File "E:\Python\lib\site-packages\scrapy\utils\serialize.py", line 35, in default
    return super().default(o)
  File "E:\Python\lib\json\encoder.py", line 179, in default
    raise TypeError(f'Object of type {o.__class__.__name__} '
TypeError: Object of type Selector is not JSON serializable
2023-12-27 17:32:46 [scrapy.utils.signal] ERROR: Error caught on signal handler: <bound method FeedExporter.item_scraped of <scrapy.extensions.feedexport.FeedExporter object at 0x000001A2E472FAC0>>
Traceback (most recent call last):
  File "E:\Python\lib\site-packages\scrapy\utils\defer.py", line 348, in maybeDeferred_coro
    result = f(*args, **kw)
  File "E:\Python\lib\site-packages\pydispatch\robustapply.py", line 55, in robustApply
    return receiver(*arguments, **named)
  File "E:\Python\lib\site-packages\scrapy\extensions\feedexport.py", line 572, in item_scraped
    slot.exporter.export_item(item)
  File "E:\Python\lib\site-packages\scrapy\exporters.py", line 151, in export_item
    data = to_bytes(self.encoder.encode(itemdict), self.encoding)
  File "E:\Python\lib\json\encoder.py", line 199, in encode
    chunks = self.iterencode(o, _one_shot=True)
  File "E:\Python\lib\json\encoder.py", line 257, in iterencode
    return _iterencode(o, 0)
  File "E:\Python\lib\site-packages\scrapy\utils\serialize.py", line 35, in default
    return super().default(o)
  File "E:\Python\lib\json\encoder.py", line 179, in default
    raise TypeError(f'Object of type {o.__class__.__name__} '
TypeError: Object of type Selector is not JSON serializable
2023-12-27 17:32:46 [scrapy.utils.signal] ERROR: Error caught on signal handler: <bound method FeedExporter.item_scraped of <scrapy.extensions.feedexport.FeedExporter object at 0x000001A2E472FAC0>>
Traceback (most recent call last):
  File "E:\Python\lib\site-packages\scrapy\utils\defer.py", line 348, in maybeDeferred_coro
    result = f(*args, **kw)
  File "E:\Python\lib\site-packages\pydispatch\robustapply.py", line 55, in robustApply
    return receiver(*arguments, **named)
  File "E:\Python\lib\site-packages\scrapy\extensions\feedexport.py", line 572, in item_scraped
    slot.exporter.export_item(item)
  File "E:\Python\lib\site-packages\scrapy\exporters.py", line 151, in export_item
    data = to_bytes(self.encoder.encode(itemdict), self.encoding)
  File "E:\Python\lib\json\encoder.py", line 199, in encode
    chunks = self.iterencode(o, _one_shot=True)
  File "E:\Python\lib\json\encoder.py", line 257, in iterencode
    return _iterencode(o, 0)
  File "E:\Python\lib\site-packages\scrapy\utils\serialize.py", line 35, in default
    return super().default(o)
  File "E:\Python\lib\json\encoder.py", line 179, in default
    raise TypeError(f'Object of type {o.__class__.__name__} '
TypeError: Object of type Selector is not JSON serializable
2023-12-27 17:32:46 [scrapy.utils.signal] ERROR: Error caught on signal handler: <bound method FeedExporter.item_scraped of <scrapy.extensions.feedexport.FeedExporter object at 0x000001A2E472FAC0>>
Traceback (most recent call last):
  File "E:\Python\lib\site-packages\scrapy\utils\defer.py", line 348, in maybeDeferred_coro
    result = f(*args, **kw)
  File "E:\Python\lib\site-packages\pydispatch\robustapply.py", line 55, in robustApply
    return receiver(*arguments, **named)
  File "E:\Python\lib\site-packages\scrapy\extensions\feedexport.py", line 572, in item_scraped
    slot.exporter.export_item(item)
  File "E:\Python\lib\site-packages\scrapy\exporters.py", line 151, in export_item
    data = to_bytes(self.encoder.encode(itemdict), self.encoding)
  File "E:\Python\lib\json\encoder.py", line 199, in encode
    chunks = self.iterencode(o, _one_shot=True)
  File "E:\Python\lib\json\encoder.py", line 257, in iterencode
    return _iterencode(o, 0)
  File "E:\Python\lib\site-packages\scrapy\utils\serialize.py", line 35, in default
    return super().default(o)
  File "E:\Python\lib\json\encoder.py", line 179, in default
    raise TypeError(f'Object of type {o.__class__.__name__} '
TypeError: Object of type Selector is not JSON serializable
2023-12-27 17:32:46 [scrapy.utils.signal] ERROR: Error caught on signal handler: <bound method FeedExporter.item_scraped of <scrapy.extensions.feedexport.FeedExporter object at 0x000001A2E472FAC0>>
Traceback (most recent call last):
  File "E:\Python\lib\site-packages\scrapy\utils\defer.py", line 348, in maybeDeferred_coro
    result = f(*args, **kw)
  File "E:\Python\lib\site-packages\pydispatch\robustapply.py", line 55, in robustApply
    return receiver(*arguments, **named)
  File "E:\Python\lib\site-packages\scrapy\extensions\feedexport.py", line 572, in item_scraped
    slot.exporter.export_item(item)
  File "E:\Python\lib\site-packages\scrapy\exporters.py", line 151, in export_item
    data = to_bytes(self.encoder.encode(itemdict), self.encoding)
  File "E:\Python\lib\json\encoder.py", line 199, in encode
    chunks = self.iterencode(o, _one_shot=True)
  File "E:\Python\lib\json\encoder.py", line 257, in iterencode
    return _iterencode(o, 0)
  File "E:\Python\lib\site-packages\scrapy\utils\serialize.py", line 35, in default
    return super().default(o)
  File "E:\Python\lib\json\encoder.py", line 179, in default
    raise TypeError(f'Object of type {o.__class__.__name__} '
TypeError: Object of type Selector is not JSON serializable
2023-12-27 17:32:46 [scrapy.utils.signal] ERROR: Error caught on signal handler: <bound method FeedExporter.item_scraped of <scrapy.extensions.feedexport.FeedExporter object at 0x000001A2E472FAC0>>
Traceback (most recent call last):
  File "E:\Python\lib\site-packages\scrapy\utils\defer.py", line 348, in maybeDeferred_coro
    result = f(*args, **kw)
  File "E:\Python\lib\site-packages\pydispatch\robustapply.py", line 55, in robustApply
    return receiver(*arguments, **named)
  File "E:\Python\lib\site-packages\scrapy\extensions\feedexport.py", line 572, in item_scraped
    slot.exporter.export_item(item)
  File "E:\Python\lib\site-packages\scrapy\exporters.py", line 151, in export_item
    data = to_bytes(self.encoder.encode(itemdict), self.encoding)
  File "E:\Python\lib\json\encoder.py", line 199, in encode
    chunks = self.iterencode(o, _one_shot=True)
  File "E:\Python\lib\json\encoder.py", line 257, in iterencode
    return _iterencode(o, 0)
  File "E:\Python\lib\site-packages\scrapy\utils\serialize.py", line 35, in default
    return super().default(o)
  File "E:\Python\lib\json\encoder.py", line 179, in default
    raise TypeError(f'Object of type {o.__class__.__name__} '
TypeError: Object of type Selector is not JSON serializable
2023-12-27 17:32:46 [scrapy.utils.signal] ERROR: Error caught on signal handler: <bound method FeedExporter.item_scraped of <scrapy.extensions.feedexport.FeedExporter object at 0x000001A2E472FAC0>>
Traceback (most recent call last):
  File "E:\Python\lib\site-packages\scrapy\utils\defer.py", line 348, in maybeDeferred_coro
    result = f(*args, **kw)
  File "E:\Python\lib\site-packages\pydispatch\robustapply.py", line 55, in robustApply
    return receiver(*arguments, **named)
  File "E:\Python\lib\site-packages\scrapy\extensions\feedexport.py", line 572, in item_scraped
    slot.exporter.export_item(item)
  File "E:\Python\lib\site-packages\scrapy\exporters.py", line 151, in export_item
    data = to_bytes(self.encoder.encode(itemdict), self.encoding)
  File "E:\Python\lib\json\encoder.py", line 199, in encode
    chunks = self.iterencode(o, _one_shot=True)
  File "E:\Python\lib\json\encoder.py", line 257, in iterencode
    return _iterencode(o, 0)
  File "E:\Python\lib\site-packages\scrapy\utils\serialize.py", line 35, in default
    return super().default(o)
  File "E:\Python\lib\json\encoder.py", line 179, in default
    raise TypeError(f'Object of type {o.__class__.__name__} '
TypeError: Object of type Selector is not JSON serializable
2023-12-27 17:32:46 [scrapy.utils.signal] ERROR: Error caught on signal handler: <bound method FeedExporter.item_scraped of <scrapy.extensions.feedexport.FeedExporter object at 0x000001A2E472FAC0>>
Traceback (most recent call last):
  File "E:\Python\lib\site-packages\scrapy\utils\defer.py", line 348, in maybeDeferred_coro
    result = f(*args, **kw)
  File "E:\Python\lib\site-packages\pydispatch\robustapply.py", line 55, in robustApply
    return receiver(*arguments, **named)
  File "E:\Python\lib\site-packages\scrapy\extensions\feedexport.py", line 572, in item_scraped
    slot.exporter.export_item(item)
  File "E:\Python\lib\site-packages\scrapy\exporters.py", line 151, in export_item
    data = to_bytes(self.encoder.encode(itemdict), self.encoding)
  File "E:\Python\lib\json\encoder.py", line 199, in encode
    chunks = self.iterencode(o, _one_shot=True)
  File "E:\Python\lib\json\encoder.py", line 257, in iterencode
    return _iterencode(o, 0)
  File "E:\Python\lib\site-packages\scrapy\utils\serialize.py", line 35, in default
    return super().default(o)
  File "E:\Python\lib\json\encoder.py", line 179, in default
    raise TypeError(f'Object of type {o.__class__.__name__} '
TypeError: Object of type Selector is not JSON serializable
2023-12-27 17:32:46 [scrapy.utils.signal] ERROR: Error caught on signal handler: <bound method FeedExporter.item_scraped of <scrapy.extensions.feedexport.FeedExporter object at 0x000001A2E472FAC0>>
Traceback (most recent call last):
  File "E:\Python\lib\site-packages\scrapy\utils\defer.py", line 348, in maybeDeferred_coro
    result = f(*args, **kw)
  File "E:\Python\lib\site-packages\pydispatch\robustapply.py", line 55, in robustApply
    return receiver(*arguments, **named)
  File "E:\Python\lib\site-packages\scrapy\extensions\feedexport.py", line 572, in item_scraped
    slot.exporter.export_item(item)
  File "E:\Python\lib\site-packages\scrapy\exporters.py", line 151, in export_item
    data = to_bytes(self.encoder.encode(itemdict), self.encoding)
  File "E:\Python\lib\json\encoder.py", line 199, in encode
    chunks = self.iterencode(o, _one_shot=True)
  File "E:\Python\lib\json\encoder.py", line 257, in iterencode
    return _iterencode(o, 0)
  File "E:\Python\lib\site-packages\scrapy\utils\serialize.py", line 35, in default
    return super().default(o)
  File "E:\Python\lib\json\encoder.py", line 179, in default
    raise TypeError(f'Object of type {o.__class__.__name__} '
TypeError: Object of type Selector is not JSON serializable
2023-12-27 17:32:46 [scrapy.utils.signal] ERROR: Error caught on signal handler: <bound method FeedExporter.item_scraped of <scrapy.extensions.feedexport.FeedExporter object at 0x000001A2E472FAC0>>
Traceback (most recent call last):
  File "E:\Python\lib\site-packages\scrapy\utils\defer.py", line 348, in maybeDeferred_coro
    result = f(*args, **kw)
  File "E:\Python\lib\site-packages\pydispatch\robustapply.py", line 55, in robustApply
    return receiver(*arguments, **named)
  File "E:\Python\lib\site-packages\scrapy\extensions\feedexport.py", line 572, in item_scraped
    slot.exporter.export_item(item)
  File "E:\Python\lib\site-packages\scrapy\exporters.py", line 151, in export_item
    data = to_bytes(self.encoder.encode(itemdict), self.encoding)
  File "E:\Python\lib\json\encoder.py", line 199, in encode
    chunks = self.iterencode(o, _one_shot=True)
  File "E:\Python\lib\json\encoder.py", line 257, in iterencode
    return _iterencode(o, 0)
  File "E:\Python\lib\site-packages\scrapy\utils\serialize.py", line 35, in default
    return super().default(o)
  File "E:\Python\lib\json\encoder.py", line 179, in default
    raise TypeError(f'Object of type {o.__class__.__name__} '
TypeError: Object of type Selector is not JSON serializable
2023-12-27 17:32:46 [scrapy.utils.signal] ERROR: Error caught on signal handler: <bound method FeedExporter.item_scraped of <scrapy.extensions.feedexport.FeedExporter object at 0x000001A2E472FAC0>>
Traceback (most recent call last):
  File "E:\Python\lib\site-packages\scrapy\utils\defer.py", line 348, in maybeDeferred_coro
    result = f(*args, **kw)
  File "E:\Python\lib\site-packages\pydispatch\robustapply.py", line 55, in robustApply
    return receiver(*arguments, **named)
  File "E:\Python\lib\site-packages\scrapy\extensions\feedexport.py", line 572, in item_scraped
    slot.exporter.export_item(item)
  File "E:\Python\lib\site-packages\scrapy\exporters.py", line 151, in export_item
    data = to_bytes(self.encoder.encode(itemdict), self.encoding)
  File "E:\Python\lib\json\encoder.py", line 199, in encode
    chunks = self.iterencode(o, _one_shot=True)
  File "E:\Python\lib\json\encoder.py", line 257, in iterencode
    return _iterencode(o, 0)
  File "E:\Python\lib\site-packages\scrapy\utils\serialize.py", line 35, in default
    return super().default(o)
  File "E:\Python\lib\json\encoder.py", line 179, in default
    raise TypeError(f'Object of type {o.__class__.__name__} '
TypeError: Object of type Selector is not JSON serializable
2023-12-27 17:32:46 [scrapy.utils.signal] ERROR: Error caught on signal handler: <bound method FeedExporter.item_scraped of <scrapy.extensions.feedexport.FeedExporter object at 0x000001A2E472FAC0>>
Traceback (most recent call last):
  File "E:\Python\lib\site-packages\scrapy\utils\defer.py", line 348, in maybeDeferred_coro
    result = f(*args, **kw)
  File "E:\Python\lib\site-packages\pydispatch\robustapply.py", line 55, in robustApply
    return receiver(*arguments, **named)
  File "E:\Python\lib\site-packages\scrapy\extensions\feedexport.py", line 572, in item_scraped
    slot.exporter.export_item(item)
  File "E:\Python\lib\site-packages\scrapy\exporters.py", line 151, in export_item
    data = to_bytes(self.encoder.encode(itemdict), self.encoding)
  File "E:\Python\lib\json\encoder.py", line 199, in encode
    chunks = self.iterencode(o, _one_shot=True)
  File "E:\Python\lib\json\encoder.py", line 257, in iterencode
    return _iterencode(o, 0)
  File "E:\Python\lib\site-packages\scrapy\utils\serialize.py", line 35, in default
    return super().default(o)
  File "E:\Python\lib\json\encoder.py", line 179, in default
    raise TypeError(f'Object of type {o.__class__.__name__} '
TypeError: Object of type Selector is not JSON serializable
2023-12-27 17:32:46 [scrapy.utils.signal] ERROR: Error caught on signal handler: <bound method FeedExporter.item_scraped of <scrapy.extensions.feedexport.FeedExporter object at 0x000001A2E472FAC0>>
Traceback (most recent call last):
  File "E:\Python\lib\site-packages\scrapy\utils\defer.py", line 348, in maybeDeferred_coro
    result = f(*args, **kw)
  File "E:\Python\lib\site-packages\pydispatch\robustapply.py", line 55, in robustApply
    return receiver(*arguments, **named)
  File "E:\Python\lib\site-packages\scrapy\extensions\feedexport.py", line 572, in item_scraped
    slot.exporter.export_item(item)
  File "E:\Python\lib\site-packages\scrapy\exporters.py", line 151, in export_item
    data = to_bytes(self.encoder.encode(itemdict), self.encoding)
  File "E:\Python\lib\json\encoder.py", line 199, in encode
    chunks = self.iterencode(o, _one_shot=True)
  File "E:\Python\lib\json\encoder.py", line 257, in iterencode
    return _iterencode(o, 0)
  File "E:\Python\lib\site-packages\scrapy\utils\serialize.py", line 35, in default
    return super().default(o)
  File "E:\Python\lib\json\encoder.py", line 179, in default
    raise TypeError(f'Object of type {o.__class__.__name__} '
TypeError: Object of type Selector is not JSON serializable
2023-12-27 17:32:46 [scrapy.utils.signal] ERROR: Error caught on signal handler: <bound method FeedExporter.item_scraped of <scrapy.extensions.feedexport.FeedExporter object at 0x000001A2E472FAC0>>
Traceback (most recent call last):
  File "E:\Python\lib\site-packages\scrapy\utils\defer.py", line 348, in maybeDeferred_coro
    result = f(*args, **kw)
  File "E:\Python\lib\site-packages\pydispatch\robustapply.py", line 55, in robustApply
    return receiver(*arguments, **named)
  File "E:\Python\lib\site-packages\scrapy\extensions\feedexport.py", line 572, in item_scraped
    slot.exporter.export_item(item)
  File "E:\Python\lib\site-packages\scrapy\exporters.py", line 151, in export_item
    data = to_bytes(self.encoder.encode(itemdict), self.encoding)
  File "E:\Python\lib\json\encoder.py", line 199, in encode
    chunks = self.iterencode(o, _one_shot=True)
  File "E:\Python\lib\json\encoder.py", line 257, in iterencode
    return _iterencode(o, 0)
  File "E:\Python\lib\site-packages\scrapy\utils\serialize.py", line 35, in default
    return super().default(o)
  File "E:\Python\lib\json\encoder.py", line 179, in default
    raise TypeError(f'Object of type {o.__class__.__name__} '
TypeError: Object of type Selector is not JSON serializable
2023-12-27 17:32:46 [scrapy.utils.signal] ERROR: Error caught on signal handler: <bound method FeedExporter.item_scraped of <scrapy.extensions.feedexport.FeedExporter object at 0x000001A2E472FAC0>>
Traceback (most recent call last):
  File "E:\Python\lib\site-packages\scrapy\utils\defer.py", line 348, in maybeDeferred_coro
    result = f(*args, **kw)
  File "E:\Python\lib\site-packages\pydispatch\robustapply.py", line 55, in robustApply
    return receiver(*arguments, **named)
  File "E:\Python\lib\site-packages\scrapy\extensions\feedexport.py", line 572, in item_scraped
    slot.exporter.export_item(item)
  File "E:\Python\lib\site-packages\scrapy\exporters.py", line 151, in export_item
    data = to_bytes(self.encoder.encode(itemdict), self.encoding)
  File "E:\Python\lib\json\encoder.py", line 199, in encode
    chunks = self.iterencode(o, _one_shot=True)
  File "E:\Python\lib\json\encoder.py", line 257, in iterencode
    return _iterencode(o, 0)
  File "E:\Python\lib\site-packages\scrapy\utils\serialize.py", line 35, in default
    return super().default(o)
  File "E:\Python\lib\json\encoder.py", line 179, in default
    raise TypeError(f'Object of type {o.__class__.__name__} '
TypeError: Object of type Selector is not JSON serializable
2023-12-27 17:32:46 [scrapy.utils.signal] ERROR: Error caught on signal handler: <bound method FeedExporter.item_scraped of <scrapy.extensions.feedexport.FeedExporter object at 0x000001A2E472FAC0>>
Traceback (most recent call last):
  File "E:\Python\lib\site-packages\scrapy\utils\defer.py", line 348, in maybeDeferred_coro
    result = f(*args, **kw)
  File "E:\Python\lib\site-packages\pydispatch\robustapply.py", line 55, in robustApply
    return receiver(*arguments, **named)
  File "E:\Python\lib\site-packages\scrapy\extensions\feedexport.py", line 572, in item_scraped
    slot.exporter.export_item(item)
  File "E:\Python\lib\site-packages\scrapy\exporters.py", line 151, in export_item
    data = to_bytes(self.encoder.encode(itemdict), self.encoding)
  File "E:\Python\lib\json\encoder.py", line 199, in encode
    chunks = self.iterencode(o, _one_shot=True)
  File "E:\Python\lib\json\encoder.py", line 257, in iterencode
    return _iterencode(o, 0)
  File "E:\Python\lib\site-packages\scrapy\utils\serialize.py", line 35, in default
    return super().default(o)
  File "E:\Python\lib\json\encoder.py", line 179, in default
    raise TypeError(f'Object of type {o.__class__.__name__} '
TypeError: Object of type Selector is not JSON serializable
2023-12-27 17:32:46 [scrapy.utils.signal] ERROR: Error caught on signal handler: <bound method FeedExporter.item_scraped of <scrapy.extensions.feedexport.FeedExporter object at 0x000001A2E472FAC0>>
Traceback (most recent call last):
  File "E:\Python\lib\site-packages\scrapy\utils\defer.py", line 348, in maybeDeferred_coro
    result = f(*args, **kw)
  File "E:\Python\lib\site-packages\pydispatch\robustapply.py", line 55, in robustApply
    return receiver(*arguments, **named)
  File "E:\Python\lib\site-packages\scrapy\extensions\feedexport.py", line 572, in item_scraped
    slot.exporter.export_item(item)
  File "E:\Python\lib\site-packages\scrapy\exporters.py", line 151, in export_item
    data = to_bytes(self.encoder.encode(itemdict), self.encoding)
  File "E:\Python\lib\json\encoder.py", line 199, in encode
    chunks = self.iterencode(o, _one_shot=True)
  File "E:\Python\lib\json\encoder.py", line 257, in iterencode
    return _iterencode(o, 0)
  File "E:\Python\lib\site-packages\scrapy\utils\serialize.py", line 35, in default
    return super().default(o)
  File "E:\Python\lib\json\encoder.py", line 179, in default
    raise TypeError(f'Object of type {o.__class__.__name__} '
TypeError: Object of type Selector is not JSON serializable
2023-12-27 17:32:46 [scrapy.utils.signal] ERROR: Error caught on signal handler: <bound method FeedExporter.item_scraped of <scrapy.extensions.feedexport.FeedExporter object at 0x000001A2E472FAC0>>
Traceback (most recent call last):
  File "E:\Python\lib\site-packages\scrapy\utils\defer.py", line 348, in maybeDeferred_coro
    result = f(*args, **kw)
  File "E:\Python\lib\site-packages\pydispatch\robustapply.py", line 55, in robustApply
    return receiver(*arguments, **named)
  File "E:\Python\lib\site-packages\scrapy\extensions\feedexport.py", line 572, in item_scraped
    slot.exporter.export_item(item)
  File "E:\Python\lib\site-packages\scrapy\exporters.py", line 151, in export_item
    data = to_bytes(self.encoder.encode(itemdict), self.encoding)
  File "E:\Python\lib\json\encoder.py", line 199, in encode
    chunks = self.iterencode(o, _one_shot=True)
  File "E:\Python\lib\json\encoder.py", line 257, in iterencode
    return _iterencode(o, 0)
  File "E:\Python\lib\site-packages\scrapy\utils\serialize.py", line 35, in default
    return super().default(o)
  File "E:\Python\lib\json\encoder.py", line 179, in default
    raise TypeError(f'Object of type {o.__class__.__name__} '
TypeError: Object of type Selector is not JSON serializable
2023-12-27 17:32:46 [scrapy.utils.signal] ERROR: Error caught on signal handler: <bound method FeedExporter.item_scraped of <scrapy.extensions.feedexport.FeedExporter object at 0x000001A2E472FAC0>>
Traceback (most recent call last):
  File "E:\Python\lib\site-packages\scrapy\utils\defer.py", line 348, in maybeDeferred_coro
    result = f(*args, **kw)
  File "E:\Python\lib\site-packages\pydispatch\robustapply.py", line 55, in robustApply
    return receiver(*arguments, **named)
  File "E:\Python\lib\site-packages\scrapy\extensions\feedexport.py", line 572, in item_scraped
    slot.exporter.export_item(item)
  File "E:\Python\lib\site-packages\scrapy\exporters.py", line 151, in export_item
    data = to_bytes(self.encoder.encode(itemdict), self.encoding)
  File "E:\Python\lib\json\encoder.py", line 199, in encode
    chunks = self.iterencode(o, _one_shot=True)
  File "E:\Python\lib\json\encoder.py", line 257, in iterencode
    return _iterencode(o, 0)
  File "E:\Python\lib\site-packages\scrapy\utils\serialize.py", line 35, in default
    return super().default(o)
  File "E:\Python\lib\json\encoder.py", line 179, in default
    raise TypeError(f'Object of type {o.__class__.__name__} '
TypeError: Object of type Selector is not JSON serializable
2023-12-27 17:32:46 [scrapy.utils.signal] ERROR: Error caught on signal handler: <bound method FeedExporter.item_scraped of <scrapy.extensions.feedexport.FeedExporter object at 0x000001A2E472FAC0>>
Traceback (most recent call last):
  File "E:\Python\lib\site-packages\scrapy\utils\defer.py", line 348, in maybeDeferred_coro
    result = f(*args, **kw)
  File "E:\Python\lib\site-packages\pydispatch\robustapply.py", line 55, in robustApply
    return receiver(*arguments, **named)
  File "E:\Python\lib\site-packages\scrapy\extensions\feedexport.py", line 572, in item_scraped
    slot.exporter.export_item(item)
  File "E:\Python\lib\site-packages\scrapy\exporters.py", line 151, in export_item
    data = to_bytes(self.encoder.encode(itemdict), self.encoding)
  File "E:\Python\lib\json\encoder.py", line 199, in encode
    chunks = self.iterencode(o, _one_shot=True)
  File "E:\Python\lib\json\encoder.py", line 257, in iterencode
    return _iterencode(o, 0)
  File "E:\Python\lib\site-packages\scrapy\utils\serialize.py", line 35, in default
    return super().default(o)
  File "E:\Python\lib\json\encoder.py", line 179, in default
    raise TypeError(f'Object of type {o.__class__.__name__} '
TypeError: Object of type Selector is not JSON serializable
